<?xml version="1.0" ?>
<testsuites>
    <testsuite name="pytest" errors="0" failures="0" skipped="0" tests="0" time="4213.783" timestamp="2024-08-21T11:04:45.715423-04:00" hostname="Omars-MacBook-Pro.local"/>
</testsuites>
